
  .   ____          _            __ _ _
 /\\ / ___'_ __ _ _(_)_ __  __ _ \ \ \ \
( ( )\___ | '_ | '_| | '_ \/ _` | \ \ \ \
 \\/  ___)| |_)| | | | | || (_| |  ) ) ) )
  '  |____| .__|_| |_|_| |_\__, | / / / /
 =========|_|==============|___/=/_/_/_/
 :: Spring Boot ::        (v2.1.8.RELEASE)

2019-11-07 09:09:24.551  INFO 3300 --- [           main] com.webapp.wooriga.WoorigaApplication    : Starting WoorigaApplication on ip-172-31-37-164 with PID 3300 (/home/ubuntu/wooriga_backend/build/libs/wooriga_backend-0.0.1-SNAPSHOT.jar started by ubuntu in /home/ubuntu/wooriga_backend/build/libs)
2019-11-07 09:09:24.568  INFO 3300 --- [           main] com.webapp.wooriga.WoorigaApplication    : No active profile set, falling back to default profiles: default
2019-11-07 09:09:28.686  INFO 3300 --- [           main] trationDelegate$BeanPostProcessorChecker : Bean 'org.springframework.ws.config.annotation.DelegatingWsConfiguration' of type [org.springframework.ws.config.annotation.DelegatingWsConfiguration$$EnhancerBySpringCGLIB$$78a30e5e] is not eligible for getting processed by all BeanPostProcessors (for example: not eligible for auto-proxying)
2019-11-07 09:09:28.775  INFO 3300 --- [           main] .w.s.a.s.AnnotationActionEndpointMapping : Supporting [WS-Addressing August 2004, WS-Addressing 1.0]
2019-11-07 09:09:28.811  INFO 3300 --- [           main] trationDelegate$BeanPostProcessorChecker : Bean 'org.springframework.transaction.annotation.ProxyTransactionManagementConfiguration' of type [org.springframework.transaction.annotation.ProxyTransactionManagementConfiguration$$EnhancerBySpringCGLIB$$d40b495f] is not eligible for getting processed by all BeanPostProcessors (for example: not eligible for auto-proxying)
2019-11-07 09:09:29.656  INFO 3300 --- [           main] o.s.b.w.embedded.tomcat.TomcatWebServer  : Tomcat initialized with port(s): 8081 (http)
2019-11-07 09:09:29.761  INFO 3300 --- [           main] o.apache.catalina.core.StandardService   : Starting service [Tomcat]
2019-11-07 09:09:29.762  INFO 3300 --- [           main] org.apache.catalina.core.StandardEngine  : Starting Servlet engine: [Apache Tomcat/9.0.24]
2019-11-07 09:09:30.722  INFO 3300 --- [           main] org.apache.jasper.servlet.TldScanner     : At least one JAR was scanned for TLDs yet contained no TLDs. Enable debug logging for this logger for a complete list of JARs that were scanned but no TLDs were found in them. Skipping unneeded JARs during scanning can improve startup time and JSP compilation time.
2019-11-07 09:09:31.119  INFO 3300 --- [           main] o.a.c.c.C.[Tomcat].[localhost].[/]       : Initializing Spring embedded WebApplicationContext
2019-11-07 09:09:31.119  INFO 3300 --- [           main] o.s.web.context.ContextLoader            : Root WebApplicationContext: initialization completed in 6357 ms
2019-11-07 09:09:31.499  INFO 3300 --- [           main] com.zaxxer.hikari.HikariDataSource       : HikariPool-1 - Starting...
2019-11-07 09:09:31.891  INFO 3300 --- [           main] com.zaxxer.hikari.HikariDataSource       : HikariPool-1 - Start completed.
2019-11-07 09:09:33.940  INFO 3300 --- [           main] pertySourcedRequestMappingHandlerMapping : Mapped URL path [/v2/api-docs] onto method [public org.springframework.http.ResponseEntity<springfox.documentation.spring.web.json.Json> springfox.documentation.swagger2.web.Swagger2Controller.getDocumentation(java.lang.String,javax.servlet.http.HttpServletRequest)]
2019-11-07 09:09:34.725  INFO 3300 --- [           main] o.s.s.concurrent.ThreadPoolTaskExecutor  : Initializing ExecutorService 'applicationTaskExecutor'
2019-11-07 09:09:35.765  INFO 3300 --- [           main] d.s.w.p.DocumentationPluginsBootstrapper : Context refreshed
2019-11-07 09:09:35.831  INFO 3300 --- [           main] d.s.w.p.DocumentationPluginsBootstrapper : Found 1 custom documentation plugin(s)
2019-11-07 09:09:35.920  INFO 3300 --- [           main] s.d.s.w.s.ApiListingReferenceScanner     : Scanning for api listing references
2019-11-07 09:09:36.592  INFO 3300 --- [           main] s.a.ScheduledAnnotationBeanPostProcessor : No TaskScheduler/ScheduledExecutorService bean found for scheduled processing
2019-11-07 09:09:36.691  INFO 3300 --- [           main] o.s.b.w.embedded.tomcat.TomcatWebServer  : Tomcat started on port(s): 8081 (http) with context path ''
2019-11-07 09:09:36.698  INFO 3300 --- [           main] com.webapp.wooriga.WoorigaApplication    : Started WoorigaApplication in 13.786 seconds (JVM running for 14.931)
2019-11-07 09:09:36.978  INFO 3300 --- [nio-8081-exec-1] o.a.c.c.C.[Tomcat].[localhost].[/]       : Initializing Spring DispatcherServlet 'dispatcherServlet'
2019-11-07 09:09:36.979  INFO 3300 --- [nio-8081-exec-1] o.s.web.servlet.DispatcherServlet        : Initializing Servlet 'dispatcherServlet'
2019-11-07 09:09:37.012  INFO 3300 --- [nio-8081-exec-1] o.s.web.servlet.DispatcherServlet        : Completed initialization in 33 ms
2019-11-07 09:12:15.931  WARN 3300 --- [nio-8081-exec-6] .w.s.m.s.DefaultHandlerExceptionResolver : Resolved [org.springframework.http.converter.HttpMessageNotReadableException: JSON parse error: Illegal unquoted character ((CTRL-CHAR, code 10)): has to be escaped using backslash to be included in string value; nested exception is com.fasterxml.jackson.core.JsonParseException: Illegal unquoted character ((CTRL-CHAR, code 10)): has to be escaped using backslash to be included in string value
 at [Source: (PushbackInputStream); line: 2, column: 19]]
2019-11-07 09:12:53.138  WARN 3300 --- [nio-8081-exec-9] .w.s.m.s.DefaultHandlerExceptionResolver : Resolved [org.springframework.http.converter.HttpMessageNotReadableException: JSON parse error: Unexpected character ('"' (code 34)): was expecting comma to separate Object entries; nested exception is com.fasterxml.jackson.core.JsonParseException: Unexpected character ('"' (code 34)): was expecting comma to separate Object entries
 at [Source: (PushbackInputStream); line: 3, column: 4]]
2019-11-07 18:43:05.946  INFO 3300 --- [io-8081-exec-10] o.apache.coyote.http11.Http11Processor   : Error parsing HTTP request header
 Note: further occurrences of HTTP request parsing errors will be logged at DEBUG level.

java.lang.IllegalArgumentException: Invalid character found in method name. HTTP method names must be tokens
	at org.apache.coyote.http11.Http11InputBuffer.parseRequestLine(Http11InputBuffer.java:415) ~[tomcat-embed-core-9.0.24.jar!/:9.0.24]
	at org.apache.coyote.http11.Http11Processor.service(Http11Processor.java:292) ~[tomcat-embed-core-9.0.24.jar!/:9.0.24]
	at org.apache.coyote.AbstractProcessorLight.process(AbstractProcessorLight.java:66) [tomcat-embed-core-9.0.24.jar!/:9.0.24]
	at org.apache.coyote.AbstractProtocol$ConnectionHandler.process(AbstractProtocol.java:860) [tomcat-embed-core-9.0.24.jar!/:9.0.24]
	at org.apache.tomcat.util.net.NioEndpoint$SocketProcessor.doRun(NioEndpoint.java:1587) [tomcat-embed-core-9.0.24.jar!/:9.0.24]
	at org.apache.tomcat.util.net.SocketProcessorBase.run(SocketProcessorBase.java:49) [tomcat-embed-core-9.0.24.jar!/:9.0.24]
	at java.util.concurrent.ThreadPoolExecutor.runWorker(ThreadPoolExecutor.java:1149) [na:1.8.0_222]
	at java.util.concurrent.ThreadPoolExecutor$Worker.run(ThreadPoolExecutor.java:624) [na:1.8.0_222]
	at org.apache.tomcat.util.threads.TaskThread$WrappingRunnable.run(TaskThread.java:61) [tomcat-embed-core-9.0.24.jar!/:9.0.24]
	at java.lang.Thread.run(Thread.java:748) [na:1.8.0_222]

