#
# There is insufficient memory for the Java Runtime Environment to continue.
# Native memory allocation (malloc) failed to allocate 1083056 bytes for Chunk::new
# Possible reasons:
#   The system is out of physical RAM or swap space
#   The process is running with CompressedOops enabled, and the Java Heap may be blocking the growth of the native heap
# Possible solutions:
#   Reduce memory load on the system
#   Increase physical memory or swap space
#   Check if swap backing store is full
#   Decrease Java heap size (-Xmx/-Xms)
#   Decrease number of Java threads
#   Decrease Java thread stack sizes (-Xss)
#   Set larger code cache with -XX:ReservedCodeCacheSize=
#   JVM is running with Unscaled Compressed Oops mode in which the Java heap is
#     placed in the first 4GB address space. The Java Heap base address is the
#     maximum limit for the native heap growth. Please use -XX:HeapBaseMinAddress
#     to set the Java Heap base and to place the Java Heap above 4GB virtual address.
# This output file may be truncated or incomplete.
#
#  Out of Memory Error (allocation.cpp:389), pid=7552, tid=0x00000000000056a0
#
# JRE version: Java(TM) SE Runtime Environment (8.0_211-b12) (build 1.8.0_211-b12)
# Java VM: Java HotSpot(TM) 64-Bit Server VM (25.211-b12 mixed mode windows-amd64 compressed oops)
# Failed to write core dump. Minidumps are not enabled by default on client versions of Windows
#

---------------  T H R E A D  ---------------

Current thread (0x000000001597a000):  JavaThread "C2 CompilerThread1" daemon [_thread_in_native, id=22176, stack(0x0000000016070000,0x0000000016170000)]

Stack: [0x0000000016070000,0x0000000016170000]
[error occurred during error reporting (printing stack bounds), id 0xc0000005]

Native frames: (J=compiled Java code, j=interpreted, Vv=VM code, C=native code)


Current CompileTask:
C2:  21261 3119       4       groovy.lang.MetaClassImpl$1MOPIter::methodNameAction (325 bytes)


---------------  P R O C E S S  ---------------

Java Threads: ( => current thread )
  0x000000001862a000 JavaThread "Cache worker for execution history cache (C:\wooriga\.gradle\5.6.2\executionHistory)" [_thread_blocked, id=16036, stack(0x0000000020640000,0x0000000020740000)]
  0x0000000018630800 JavaThread "Execution worker for ':' Thread 3" [_thread_in_native, id=4296, stack(0x0000000020540000,0x0000000020640000)]
  0x0000000018630000 JavaThread "Execution worker for ':' Thread 2" [_thread_blocked, id=10376, stack(0x0000000020440000,0x0000000020540000)]
  0x000000001862e800 JavaThread "Execution worker for ':'" [_thread_blocked, id=9292, stack(0x0000000020340000,0x0000000020440000)]
  0x000000001862f000 JavaThread "Cache worker for file content cache (C:\wooriga\.gradle\5.6.2\fileContent)" [_thread_blocked, id=6332, stack(0x0000000020240000,0x0000000020340000)]
  0x000000001862d800 JavaThread "Cache worker for file content cache (C:\Users\user\.gradle\caches\5.6.2\fileContent)" [_thread_blocked, id=9024, stack(0x0000000020140000,0x0000000020240000)]
  0x000000001862d000 JavaThread "Memory manager" [_thread_blocked, id=19088, stack(0x0000000020040000,0x0000000020140000)]
  0x000000001862c000 JavaThread "Cache worker for Build Output Cleanup Cache (C:\wooriga\.gradle\buildOutputCleanup)" [_thread_blocked, id=21908, stack(0x000000001fb40000,0x000000001fc40000)]
  0x000000001862b800 JavaThread "Build operations Thread 4" [_thread_blocked, id=2304, stack(0x000000001f900000,0x000000001fa00000)]
  0x0000000018629000 JavaThread "Build operations Thread 3" [_thread_blocked, id=7764, stack(0x000000001f800000,0x000000001f900000)]
  0x000000001862a800 JavaThread "Build operations Thread 2" [_thread_blocked, id=16460, stack(0x000000001f700000,0x000000001f800000)]
  0x00000000169a3800 JavaThread "Build operations" [_thread_blocked, id=21980, stack(0x000000001e3d0000,0x000000001e4d0000)]
  0x00000000169a9800 JavaThread "Cache worker for execution history cache (C:\Users\user\.gradle\caches\5.6.2\executionHistory)" [_thread_blocked, id=5048, stack(0x000000001e0d0000,0x000000001e1d0000)]
  0x00000000169a8800 JavaThread "Cache worker for cache directory md-rule (C:\Users\user\.gradle\caches\5.6.2\md-rule)" [_thread_blocked, id=17724, stack(0x000000001dfd0000,0x000000001e0d0000)]
  0x00000000169a6800 JavaThread "Cache worker for cache directory md-supplier (C:\Users\user\.gradle\caches\5.6.2\md-supplier)" [_thread_blocked, id=21404, stack(0x000000001c420000,0x000000001c520000)]
  0x00000000169a5800 JavaThread "Cache worker for file hash cache (C:\wooriga\.gradle\5.6.2\fileHashes)" [_thread_blocked, id=3372, stack(0x000000001b340000,0x000000001b440000)]
  0x00000000169a5000 JavaThread "Cache worker for journal cache (C:\Users\user\.gradle\caches\journal-1)" [_thread_blocked, id=5376, stack(0x0000000019fe0000,0x000000001a0e0000)]
  0x00000000169a4000 JavaThread "File lock request listener" [_thread_in_native, id=18048, stack(0x0000000019de0000,0x0000000019ee0000)]
  0x00000000169a7000 JavaThread "Cache worker for file hash cache (C:\Users\user\.gradle\caches\5.6.2\fileHashes)" [_thread_blocked, id=21384, stack(0x0000000019ce0000,0x0000000019de0000)]
  0x00000000174b9800 JavaThread "Thread-9" [_thread_blocked, id=12136, stack(0x00000000199e0000,0x0000000019ae0000)]
  0x00000000174e1000 JavaThread "Stdin handler" [_thread_blocked, id=21744, stack(0x00000000198e0000,0x00000000199e0000)]
  0x00000000174df800 JavaThread "Asynchronous log dispatcher for DefaultDaemonConnection: socket connection from /127.0.0.1:60903 to /127.0.0.1:60904" [_thread_blocked, id=5920, stack(0x00000000197e0000,0x00000000198e0000)]
  0x0000000016971000 JavaThread "Daemon worker" [_thread_blocked, id=22188, stack(0x00000000196e0000,0x00000000197e0000)]
  0x0000000015b33000 JavaThread "Cancel handler" [_thread_blocked, id=18656, stack(0x00000000195e0000,0x00000000196e0000)]
  0x0000000016dc2800 JavaThread "Handler for socket connection from /127.0.0.1:60903 to /127.0.0.1:60904" [_thread_in_native, id=19036, stack(0x00000000192e0000,0x00000000193e0000)]
  0x000000001743e800 JavaThread "Daemon" [_thread_blocked, id=16072, stack(0x00000000191e0000,0x00000000192e0000)]
  0x0000000016e0d800 JavaThread "Daemon periodic checks" [_thread_blocked, id=20672, stack(0x00000000190e0000,0x00000000191e0000)]
  0x0000000016e0c800 JavaThread "Incoming local TCP Connector on port 60903" [_thread_in_native, id=17516, stack(0x0000000018f10000,0x0000000019010000)]
  0x00000000173d9800 JavaThread "Daemon health stats" [_thread_blocked, id=8628, stack(0x0000000018c10000,0x0000000018d10000)]
  0x00000000159f7000 JavaThread "Service Thread" daemon [_thread_blocked, id=9940, stack(0x0000000016270000,0x0000000016370000)]
  0x00000000159b7000 JavaThread "C1 CompilerThread2" daemon [_thread_blocked, id=21796, stack(0x0000000016170000,0x0000000016270000)]
=>0x000000001597a000 JavaThread "C2 CompilerThread1" daemon [_thread_in_native, id=22176, stack(0x0000000016070000,0x0000000016170000)]
  0x00000000145dc800 JavaThread "C2 CompilerThread0" daemon [_thread_blocked, id=7668, stack(0x0000000015f70000,0x0000000016070000)]
  0x0000000014590800 JavaThread "Attach Listener" daemon [_thread_blocked, id=18728, stack(0x0000000015e70000,0x0000000015f70000)]
  0x000000001458f800 JavaThread "Signal Dispatcher" daemon [_thread_blocked, id=14212, stack(0x0000000015d70000,0x0000000015e70000)]
  0x000000000315b000 JavaThread "Finalizer" daemon [_thread_blocked, id=16108, stack(0x00000000157e0000,0x00000000158e0000)]
  0x0000000003151800 JavaThread "Reference Handler" daemon [_thread_blocked, id=16492, stack(0x00000000156e0000,0x00000000157e0000)]
  0x0000000002bce000 JavaThread "main" [_thread_blocked, id=3792, stack(0x0000000002bd0000,0x0000000002cd0000)]

Other Threads:
  0x0000000014547800 VMThread [stack: 0x00000000155e0000,0x00000000156e0000] [id=22032]
  0x00000000159f9000 WatcherThread [stack: 0x0000000016370000,0x0000000016470000] [id=21880]

VM state:not at safepoint (normal execution)

VM Mutex/Monitor currently owned by a thread: None

heap address: 0x00000000e0000000, size: 512 MB, Compressed Oops mode: 32-bit
Narrow klass base: 0x0000000000000000, Narrow klass shift: 3
Compressed class space size: 1073741824 Address: 0x0000000100000000

Heap:
 PSYoungGen      total 137216K, used 73845K [0x00000000f5580000, 0x0000000100000000, 0x0000000100000000)
  eden space 124928K, 59% used [0x00000000f5580000,0x00000000f9d9d4e8,0x00000000fcf80000)
  from space 12288K, 0% used [0x00000000fcf80000,0x00000000fcf80000,0x00000000fdb80000)
  to   space 11776K, 0% used [0x00000000ff480000,0x00000000ff480000,0x0000000100000000)
 ParOldGen       total 175104K, used 15254K [0x00000000e0000000, 0x00000000eab00000, 0x00000000f5580000)
  object space 175104K, 8% used [0x00000000e0000000,0x00000000e0ee5938,0x00000000eab00000)
 Metaspace       used 39428K, capacity 40332K, committed 40576K, reserved 1083392K
  class space    used 5710K, capacity 5944K, committed 6016K, reserved 1048576K

Card table byte_map: [0x0000000012520000,0x0000000012630000] byte_map_base: 0x0000000011e20000

Marking Bits: (ParMarkBitMap*) 0x000000006d015ce0
 Begin Bits: [0x0000000012ae0000, 0x00000000132e0000)
 End Bits:   [0x00000000132e0000, 0x0000000013ae0000)

Polling page: 0x0000000000da0000

CodeCache: size=245760Kb used=11546Kb max_used=11953Kb free=234213Kb
 bounds [0x0000000003160000, 0x0000000003d20000, 0x0000000012160000]
 total_blobs=3898 nmethods=3173 adapters=636
 compilation: enabled

Compilation events (10 events):
Event: 21.217 Thread 0x00000000145dc800 3462       4       java.lang.ThreadLocal::get (38 bytes)
Event: 21.217 Thread 0x00000000159b7000 3464       1       sun.nio.fs.NativeBuffer::size (5 bytes)
Event: 21.217 Thread 0x00000000159b7000 nmethod 3464 0x0000000003819d50 code [0x0000000003819ea0, 0x0000000003819fb0]
Event: 21.221 Thread 0x00000000145dc800 nmethod 3462 0x000000000367c990 code [0x000000000367cae0, 0x000000000367cce8]
Event: 21.221 Thread 0x00000000145dc800 3465       4       java.util.concurrent.atomic.AtomicReferenceArray::checkedByteOffset (45 bytes)
Event: 21.222 Thread 0x00000000145dc800 nmethod 3465 0x0000000003819a90 code [0x0000000003819bc0, 0x0000000003819c78]
Event: 21.222 Thread 0x00000000145dc800 3463       4       java.lang.ThreadLocal$ThreadLocalMap::getEntry (42 bytes)
Event: 21.227 Thread 0x00000000145dc800 nmethod 3463 0x000000000367c3d0 code [0x000000000367c520, 0x000000000367c6b8]
Event: 21.236 Thread 0x00000000159b7000 3466       1       com.google.common.cache.LocalCache$StrongValueReference::get (5 bytes)
Event: 21.236 Thread 0x00000000159b7000 nmethod 3466 0x0000000003882990 code [0x0000000003882ae0, 0x0000000003882bf0]

GC Heap History (10 events):
Event: 13.449 GC heap before
{Heap before GC invocations=5 (full 1):
 PSYoungGen      total 76288K, used 7315K [0x00000000f5580000, 0x00000000fea80000, 0x0000000100000000)
  eden space 65536K, 0% used [0x00000000f5580000,0x00000000f5580000,0x00000000f9580000)
  from space 10752K, 68% used [0x00000000fa000000,0x00000000fa724db0,0x00000000faa80000)
  to   space 10752K, 0% used [0x00000000f9580000,0x00000000f9580000,0x00000000fa000000)
 ParOldGen       total 175104K, used 1532K [0x00000000e0000000, 0x00000000eab00000, 0x00000000f5580000)
  object space 175104K, 0% used [0x00000000e0000000,0x00000000e017f188,0x00000000eab00000)
 Metaspace       used 20503K, capacity 21058K, committed 21296K, reserved 1067008K
  class space    used 3028K, capacity 3175K, committed 3200K, reserved 1048576K
Event: 13.520 GC heap after
Heap after GC invocations=5 (full 1):
 PSYoungGen      total 76288K, used 0K [0x00000000f5580000, 0x00000000fea80000, 0x0000000100000000)
  eden space 65536K, 0% used [0x00000000f5580000,0x00000000f5580000,0x00000000f9580000)
  from space 10752K, 0% used [0x00000000fa000000,0x00000000fa000000,0x00000000faa80000)
  to   space 10752K, 0% used [0x00000000f9580000,0x00000000f9580000,0x00000000fa000000)
 ParOldGen       total 175104K, used 7178K [0x00000000e0000000, 0x00000000eab00000, 0x00000000f5580000)
  object space 175104K, 4% used [0x00000000e0000000,0x00000000e0702938,0x00000000eab00000)
 Metaspace       used 20503K, capacity 21058K, committed 21296K, reserved 1067008K
  class space    used 3028K, capacity 3175K, committed 3200K, reserved 1048576K
}
Event: 15.595 GC heap before
{Heap before GC invocations=6 (full 1):
 PSYoungGen      total 76288K, used 64782K [0x00000000f5580000, 0x00000000fea80000, 0x0000000100000000)
  eden space 65536K, 98% used [0x00000000f5580000,0x00000000f94c39b0,0x00000000f9580000)
  from space 10752K, 0% used [0x00000000fa000000,0x00000000fa000000,0x00000000faa80000)
  to   space 10752K, 0% used [0x00000000f9580000,0x00000000f9580000,0x00000000fa000000)
 ParOldGen       total 175104K, used 7178K [0x00000000e0000000, 0x00000000eab00000, 0x00000000f5580000)
  object space 175104K, 4% used [0x00000000e0000000,0x00000000e0702938,0x00000000eab00000)
 Metaspace       used 28079K, capacity 28608K, committed 29056K, reserved 1075200K
  class space    used 3972K, capacity 4121K, committed 4224K, reserved 1048576K
Event: 15.615 GC heap after
Heap after GC invocations=6 (full 1):
 PSYoungGen      total 76288K, used 8501K [0x00000000f5580000, 0x00000000fe980000, 0x0000000100000000)
  eden space 65536K, 0% used [0x00000000f5580000,0x00000000f5580000,0x00000000f9580000)
  from space 10752K, 79% used [0x00000000f9580000,0x00000000f9dcd470,0x00000000fa000000)
  to   space 12800K, 0% used [0x00000000fdd00000,0x00000000fdd00000,0x00000000fe980000)
 ParOldGen       total 175104K, used 7186K [0x00000000e0000000, 0x00000000eab00000, 0x00000000f5580000)
  object space 175104K, 4% used [0x00000000e0000000,0x00000000e0704938,0x00000000eab00000)
 Metaspace       used 28079K, capacity 28608K, committed 29056K, reserved 1075200K
  class space    used 3972K, capacity 4121K, committed 4224K, reserved 1048576K
}
Event: 16.848 GC heap before
{Heap before GC invocations=7 (full 1):
 PSYoungGen      total 76288K, used 74037K [0x00000000f5580000, 0x00000000fe980000, 0x0000000100000000)
  eden space 65536K, 100% used [0x00000000f5580000,0x00000000f9580000,0x00000000f9580000)
  from space 10752K, 79% used [0x00000000f9580000,0x00000000f9dcd470,0x00000000fa000000)
  to   space 12800K, 0% used [0x00000000fdd00000,0x00000000fdd00000,0x00000000fe980000)
 ParOldGen       total 175104K, used 7186K [0x00000000e0000000, 0x00000000eab00000, 0x00000000f5580000)
  object space 175104K, 4% used [0x00000000e0000000,0x00000000e0704938,0x00000000eab00000)
 Metaspace       used 32125K, capacity 32658K, committed 32896K, reserved 1077248K
  class space    used 4508K, capacity 4703K, committed 4736K, reserved 1048576K
Event: 16.865 GC heap after
Heap after GC invocations=7 (full 1):
 PSYoungGen      total 135680K, used 8067K [0x00000000f5580000, 0x00000000fe780000, 0x0000000100000000)
  eden space 124928K, 0% used [0x00000000f5580000,0x00000000f5580000,0x00000000fcf80000)
  from space 10752K, 75% used [0x00000000fdd00000,0x00000000fe4e0c98,0x00000000fe780000)
  to   space 12288K, 0% used [0x00000000fcf80000,0x00000000fcf80000,0x00000000fdb80000)
 ParOldGen       total 175104K, used 7194K [0x00000000e0000000, 0x00000000eab00000, 0x00000000f5580000)
  object space 175104K, 4% used [0x00000000e0000000,0x00000000e0706938,0x00000000eab00000)
 Metaspace       used 32125K, capacity 32658K, committed 32896K, reserved 1077248K
  class space    used 4508K, capacity 4703K, committed 4736K, reserved 1048576K
}
Event: 17.933 GC heap before
{Heap before GC invocations=8 (full 1):
 PSYoungGen      total 135680K, used 57344K [0x00000000f5580000, 0x00000000fe780000, 0x0000000100000000)
  eden space 124928K, 39% used [0x00000000f5580000,0x00000000f859f3f8,0x00000000fcf80000)
  from space 10752K, 75% used [0x00000000fdd00000,0x00000000fe4e0c98,0x00000000fe780000)
  to   space 12288K, 0% used [0x00000000fcf80000,0x00000000fcf80000,0x00000000fdb80000)
 ParOldGen       total 175104K, used 7194K [0x00000000e0000000, 0x00000000eab00000, 0x00000000f5580000)
  object space 175104K, 4% used [0x00000000e0000000,0x00000000e0706938,0x00000000eab00000)
 Metaspace       used 34688K, capacity 35402K, committed 35496K, reserved 1079296K
  class space    used 4927K, capacity 5111K, committed 5120K, reserved 1048576K
Event: 17.967 GC heap after
Heap after GC invocations=8 (full 1):
 PSYoungGen      total 137216K, used 8552K [0x00000000f5580000, 0x0000000100000000, 0x0000000100000000)
  eden space 124928K, 0% used [0x00000000f5580000,0x00000000f5580000,0x00000000fcf80000)
  from space 12288K, 69% used [0x00000000fcf80000,0x00000000fd7da380,0x00000000fdb80000)
  to   space 11776K, 0% used [0x00000000ff480000,0x00000000ff480000,0x0000000100000000)
 ParOldGen       total 175104K, used 7202K [0x00000000e0000000, 0x00000000eab00000, 0x00000000f5580000)
  object space 175104K, 4% used [0x00000000e0000000,0x00000000e0708938,0x00000000eab00000)
 Metaspace       used 34688K, capacity 35402K, committed 35496K, reserved 1079296K
  class space    used 4927K, capacity 5111K, committed 5120K, reserved 1048576K
}
Event: 17.967 GC heap before
{Heap before GC invocations=9 (full 2):
 PSYoungGen      total 137216K, used 8552K [0x00000000f5580000, 0x0000000100000000, 0x0000000100000000)
  eden space 124928K, 0% used [0x00000000f5580000,0x00000000f5580000,0x00000000fcf80000)
  from space 12288K, 69% used [0x00000000fcf80000,0x00000000fd7da380,0x00000000fdb80000)
  to   space 11776K, 0% used [0x00000000ff480000,0x00000000ff480000,0x0000000100000000)
 ParOldGen       total 175104K, used 7202K [0x00000000e0000000, 0x00000000eab00000, 0x00000000f5580000)
  object space 175104K, 4% used [0x00000000e0000000,0x00000000e0708938,0x00000000eab00000)
 Metaspace       used 34688K, capacity 35402K, committed 35496K, reserved 1079296K
  class space    used 4927K, capacity 5111K, committed 5120K, reserved 1048576K
Event: 18.141 GC heap after
Heap after GC invocations=9 (full 2):
 PSYoungGen      total 137216K, used 0K [0x00000000f5580000, 0x0000000100000000, 0x0000000100000000)
  eden space 124928K, 0% used [0x00000000f5580000,0x00000000f5580000,0x00000000fcf80000)
  from space 12288K, 0% used [0x00000000fcf80000,0x00000000fcf80000,0x00000000fdb80000)
  to   space 11776K, 0% used [0x00000000ff480000,0x00000000ff480000,0x0000000100000000)
 ParOldGen       total 175104K, used 15254K [0x00000000e0000000, 0x00000000eab00000, 0x00000000f5580000)
  object space 175104K, 8% used [0x00000000e0000000,0x00000000e0ee5938,0x00000000eab00000)
 Metaspace       used 34680K, capacity 35378K, committed 35496K, reserved 1079296K
  class space    used 4925K, capacity 5107K, committed 5120K, reserved 1048576K
}

Deoptimization events (10 events):
Event: 17.859 Thread 0x0000000016971000 Uncommon trap: reason=bimorphic action=maybe_recompile pc=0x000000000388e7c4 method=java.lang.ClassLoader.getPackage(Ljava/lang/String;)Ljava/lang/Package; @ 47
Event: 18.879 Thread 0x0000000016971000 Uncommon trap: reason=unstable_if action=reinterpret pc=0x000000000344b448 method=java.util.HashMap.resize()[Ljava/util/HashMap$Node; @ 206
Event: 20.145 Thread 0x0000000016971000 Uncommon trap: reason=unstable_if action=reinterpret pc=0x0000000003c09e80 method=org.codehaus.groovy.runtime.metaclass.MetaMethodIndex.addMethodToList(Ljava/lang/Object;Lgroovy/lang/MetaMethod;)Ljava/lang/Object; @ 226
Event: 20.726 Thread 0x0000000016971000 Uncommon trap: reason=predicate action=maybe_recompile pc=0x0000000003c764d0 method=java.util.Arrays.binarySearch0([Ljava/lang/Object;IILjava/lang/Object;Ljava/util/Comparator;)I @ 28
Event: 20.820 Thread 0x0000000016971000 Uncommon trap: reason=unstable_if action=reinterpret pc=0x0000000003b03924 method=java.security.CodeSource.hashCode()I @ 4
Event: 20.820 Thread 0x0000000016971000 Uncommon trap: reason=unstable_if action=reinterpret pc=0x0000000003a21e0c method=java.security.CodeSource.hashCode()I @ 4
Event: 21.137 Thread 0x000000001862a000 Uncommon trap: reason=bimorphic action=maybe_recompile pc=0x0000000003cdff84 method=java.util.Arrays.binarySearch0([Ljava/lang/Object;IILjava/lang/Object;Ljava/util/Comparator;)I @ 48
Event: 21.137 Thread 0x000000001862a000 Uncommon trap: reason=bimorphic action=maybe_recompile pc=0x0000000003cdff84 method=java.util.Arrays.binarySearch0([Ljava/lang/Object;IILjava/lang/Object;Ljava/util/Comparator;)I @ 48
Event: 21.137 Thread 0x000000001862a000 Uncommon trap: reason=bimorphic action=maybe_recompile pc=0x0000000003cdff84 method=java.util.Arrays.binarySearch0([Ljava/lang/Object;IILjava/lang/Object;Ljava/util/Comparator;)I @ 48
Event: 21.137 Thread 0x000000001862a000 Uncommon trap: reason=bimorphic action=maybe_recompile pc=0x0000000003cdff84 method=java.util.Arrays.binarySearch0([Ljava/lang/Object;IILjava/lang/Object;Ljava/util/Comparator;)I @ 48

Classes redefined (0 events):
No events

Internal exceptions (10 events):
Event: 20.278 Thread 0x0000000016971000 Exception <a 'java/lang/ClassNotFoundException': org/gradle/api/internal/artifacts/dsl/dependencies/DefaultDependencyHandlerBeanInfo> (0x00000000f86cfdb0) thrown at [C:\re\workspace\8-2-build-windows-amd64-cygwin\jdk8u211\12973\hotspot\src\share\vm\classf
Event: 20.281 Thread 0x0000000016971000 Exception <a 'java/lang/ClassNotFoundException': org/gradle/api/internal/artifacts/dsl/dependencies/DefaultDependencyHandlerCustomizer> (0x00000000f872bcb8) thrown at [C:\re\workspace\8-2-build-windows-amd64-cygwin\jdk8u211\12973\hotspot\src\share\vm\clas
Event: 20.293 Thread 0x0000000016971000 Exception <a 'java/lang/ClassNotFoundException': org/gradle/api/internal/artifacts/dsl/dependencies/DefaultDependencyHandler_DecoratedCustomizer> (0x00000000f87bd808) thrown at [C:\re\workspace\8-2-build-windows-amd64-cygwin\jdk8u211\12973\hotspot\src\sha
Event: 20.314 Thread 0x0000000016971000 Exception <a 'java/lang/ClassNotFoundException': org/gradle/api/internal/plugins/DefaultObjectConfigurationActionBeanInfo> (0x00000000f883a750) thrown at [C:\re\workspace\8-2-build-windows-amd64-cygwin\jdk8u211\12973\hotspot\src\share\vm\classfile\systemD
Event: 20.318 Thread 0x0000000016971000 Exception <a 'java/lang/ClassNotFoundException': org/gradle/api/internal/plugins/DefaultObjectConfigurationActionCustomizer> (0x00000000f8874fd0) thrown at [C:\re\workspace\8-2-build-windows-amd64-cygwin\jdk8u211\12973\hotspot\src\share\vm\classfile\syste
Event: 20.819 Thread 0x0000000016971000 Implicit null exception at 0x0000000003afbf92 to 0x0000000003b038c9
Event: 20.820 Thread 0x0000000016971000 Implicit null exception at 0x0000000003a21b15 to 0x0000000003a21dfd
Event: 21.065 Thread 0x00000000174b9800 Exception <a 'java/lang/NoSuchMethodError': <clinit>> (0x00000000f579f9a8) thrown at [C:\re\workspace\8-2-build-windows-amd64-cygwin\jdk8u211\12973\hotspot\src\share\vm\prims\jni.cpp, line 1614]
Event: 21.067 Thread 0x00000000174b9800 Exception <a 'java/lang/NoSuchMethodError': <clinit>> (0x00000000f57ab688) thrown at [C:\re\workspace\8-2-build-windows-amd64-cygwin\jdk8u211\12973\hotspot\src\share\vm\prims\jni.cpp, line 1614]
Event: 21.069 Thread 0x00000000174b9800 Exception <a 'java/lang/NoSuchMethodError': <clinit>> (0x00000000f57b7bd8) thrown at [C:\re\workspace\8-2-build-windows-amd64-cygwin\jdk8u211\12973\hotspot\src\share\vm\prims\jni.cpp, line 1614]

Events (10 events):
Event: 21.163 loading class java/nio/file/FileTreeWalker$EventType
Event: 21.163 loading class java/nio/file/FileTreeWalker$EventType done
Event: 21.163 loading class java/nio/file/Files$3
Event: 21.164 loading class java/nio/file/Files$3 done
Event: 21.165 loading class java/nio/file/FileVisitResult
Event: 21.165 loading class java/nio/file/FileVisitResult done
Event: 21.210 loading class org/gradle/internal/snapshot/FileSystemLocationSnapshot$1
Event: 21.210 loading class org/gradle/internal/snapshot/FileSystemLocationSnapshot$1 done
Event: 21.211 loading class org/gradle/internal/snapshot/DirectorySnapshot
Event: 21.211 loading class org/gradle/internal/snapshot/DirectorySnapshot done


Dynamic libraries:
0x00007ff781340000 - 0x00007ff781377000 	C:\Program Files\Java\jdk1.8.0_211\bin\java.exe
0x00007fff7d1d0000 - 0x00007fff7d3b1000 	C:\WINDOWS\SYSTEM32\ntdll.dll
0x00007fff7c9f0000 - 0x00007fff7caa1000 	C:\WINDOWS\System32\KERNEL32.DLL
0x00007fff79d80000 - 0x00007fff79ff3000 	C:\WINDOWS\System32\KERNELBASE.dll
0x00007fff7c290000 - 0x00007fff7c331000 	C:\WINDOWS\System32\ADVAPI32.dll
0x00007fff7c1f0000 - 0x00007fff7c28e000 	C:\WINDOWS\System32\msvcrt.dll
0x00007fff7c4e0000 - 0x00007fff7c53b000 	C:\WINDOWS\System32\sechost.dll
0x00007fff7d010000 - 0x00007fff7d134000 	C:\WINDOWS\System32\RPCRT4.dll
0x00007fff7ce70000 - 0x00007fff7d000000 	C:\WINDOWS\System32\USER32.dll
0x00007fff79d60000 - 0x00007fff79d80000 	C:\WINDOWS\System32\win32u.dll
0x00007fff7abe0000 - 0x00007fff7ac08000 	C:\WINDOWS\System32\GDI32.dll
0x00007fff7a0b0000 - 0x00007fff7a241000 	C:\WINDOWS\System32\gdi32full.dll
0x00007fff7a440000 - 0x00007fff7a4df000 	C:\WINDOWS\System32\msvcp_win.dll
0x00007fff7a560000 - 0x00007fff7a658000 	C:\WINDOWS\System32\ucrtbase.dll
0x00007fff6ced0000 - 0x00007fff6d139000 	C:\WINDOWS\WinSxS\amd64_microsoft.windows.common-controls_6595b64144ccf1df_6.0.17134.950_none_fb3da4273069d3e0\COMCTL32.dll
0x00007fff7cab0000 - 0x00007fff7cdd2000 	C:\WINDOWS\System32\combase.dll
0x00007fff7a4e0000 - 0x00007fff7a559000 	C:\WINDOWS\System32\bcryptPrimitives.dll
0x00007fff7cde0000 - 0x00007fff7ce0d000 	C:\WINDOWS\System32\IMM32.DLL
0x000000006d0a0000 - 0x000000006d172000 	C:\Program Files\Java\jdk1.8.0_211\jre\bin\msvcr100.dll
0x000000006c7f0000 - 0x000000006d095000 	C:\Program Files\Java\jdk1.8.0_211\jre\bin\server\jvm.dll
0x00007fff7c830000 - 0x00007fff7c838000 	C:\WINDOWS\System32\PSAPI.DLL
0x00007fff6ff70000 - 0x00007fff6ff93000 	C:\WINDOWS\SYSTEM32\WINMM.dll
0x00007fff6ff60000 - 0x00007fff6ff6a000 	C:\WINDOWS\SYSTEM32\VERSION.dll
0x00007fff780e0000 - 0x00007fff780e9000 	C:\WINDOWS\SYSTEM32\WSOCK32.dll
0x00007fff7c0d0000 - 0x00007fff7c13c000 	C:\WINDOWS\System32\WS2_32.dll
0x00007fff6ff30000 - 0x00007fff6ff5a000 	C:\WINDOWS\SYSTEM32\WINMMBASE.dll
0x00007fff79600000 - 0x00007fff79649000 	C:\WINDOWS\System32\cfgmgr32.dll
0x00007fff74260000 - 0x00007fff7426f000 	C:\Program Files\Java\jdk1.8.0_211\jre\bin\verify.dll
0x00007fff6fbb0000 - 0x00007fff6fbd9000 	C:\Program Files\Java\jdk1.8.0_211\jre\bin\java.dll
0x00007fff6fc60000 - 0x00007fff6fc76000 	C:\Program Files\Java\jdk1.8.0_211\jre\bin\zip.dll
0x00007fff7ac90000 - 0x00007fff7c0d0000 	C:\WINDOWS\System32\SHELL32.dll
0x00007fff7c140000 - 0x00007fff7c1e9000 	C:\WINDOWS\System32\shcore.dll
0x00007fff79650000 - 0x00007fff79d5d000 	C:\WINDOWS\System32\windows.storage.dll
0x00007fff7d140000 - 0x00007fff7d191000 	C:\WINDOWS\System32\shlwapi.dll
0x00007fff79540000 - 0x00007fff79551000 	C:\WINDOWS\System32\kernel.appcore.dll
0x00007fff79580000 - 0x00007fff7959f000 	C:\WINDOWS\System32\profapi.dll
0x00007fff794f0000 - 0x00007fff7953c000 	C:\WINDOWS\System32\powrprof.dll
0x00007fff794e0000 - 0x00007fff794ea000 	C:\WINDOWS\System32\FLTLIB.DLL
0x00007fff65ff0000 - 0x00007fff6600a000 	C:\Program Files\Java\jdk1.8.0_211\jre\bin\net.dll
0x00007fff70db0000 - 0x00007fff70f79000 	C:\WINDOWS\SYSTEM32\urlmon.dll
0x00007fff6ef30000 - 0x00007fff6f1d6000 	C:\WINDOWS\SYSTEM32\iertutil.dll
0x00007fff78f30000 - 0x00007fff78f3b000 	C:\WINDOWS\SYSTEM32\CRYPTBASE.DLL
0x00007fff78d60000 - 0x00007fff78dc6000 	C:\WINDOWS\system32\mswsock.dll
0x00007fff64370000 - 0x00007fff64382000 	C:\Program Files\Java\jdk1.8.0_211\jre\bin\nio.dll
0x00007fff629d0000 - 0x00007fff629f6000 	C:\Users\user\.gradle\native\30\windows-amd64\native-platform.dll
0x00007fff74190000 - 0x00007fff7419d000 	C:\Program Files\Java\jdk1.8.0_211\jre\bin\management.dll
0x00007fff78f10000 - 0x00007fff78f27000 	C:\WINDOWS\SYSTEM32\CRYPTSP.dll
0x00007fff788b0000 - 0x00007fff788e3000 	C:\WINDOWS\system32\rsaenh.dll
0x00007fff79040000 - 0x00007fff79065000 	C:\WINDOWS\SYSTEM32\bcrypt.dll
0x00007fff793e0000 - 0x00007fff79408000 	C:\WINDOWS\SYSTEM32\USERENV.dll
0x00007fff78ab0000 - 0x00007fff78ae8000 	C:\WINDOWS\SYSTEM32\IPHLPAPI.DLL
0x00007fff7d000000 - 0x00007fff7d008000 	C:\WINDOWS\System32\NSI.dll
0x00007fff72af0000 - 0x00007fff72b06000 	C:\WINDOWS\SYSTEM32\dhcpcsvc6.DLL
0x00007fff73470000 - 0x00007fff7348a000 	C:\WINDOWS\SYSTEM32\dhcpcsvc.DLL

VM Arguments:
jvm_args: -XX:MaxMetaspaceSize=256m -XX:+HeapDumpOnOutOfMemoryError -Xms256m -Xmx512m -Dfile.encoding=x-windows-949 -Duser.country=KR -Duser.language=ko -Duser.variant 
java_command: org.gradle.launcher.daemon.bootstrap.GradleDaemon 5.6.2
java_class_path (initial): C:\Users\user\.gradle\wrapper\dists\gradle-5.6.2-all\9st6wgf78h16so49nn74lgtbb\gradle-5.6.2\lib\gradle-launcher-5.6.2.jar
Launcher Type: SUN_STANDARD

Environment Variables:
JAVA_HOME=C:\Program Files\Java\jdk1.8.0_211
CLASSPATH=C:\Program Files\Java\jdk1.8.0_211\lib\tools.jar
PATH=C:\Users\user\node_modules\yarn\;C:\Program Files\Java\jdk1.8.0_211\bin;C:\Program Files\MySQL\MySQL Server 8.0\bin;C:\Program Files\MongoDB\Server\4.0\bin;C:\ProgramData\Oracle\Java\javapath;C:\Program Files (x86)\Common Files\Oracle\Java\javapath;C:\Users\user\AppData\Local\Programs\Python\Python36-32\Scripts;C:\Java\jdk1.8.0_211\bin;C:\WINDOWS\system32;C:\WINDOWS;C:\WINDOWS\System32\Wbem;C:\WINDOWS\System32\WindowsPowerShell\v1.0\;C:\WINDOWS\System32\OpenSSH\;C:\Program Files (x86)\PuTTY\;C:\Program Files\nodejs\;C:\Program Files\Microsoft VS Code\bin;C:\Program Files\Java\jdk1.8.0_211;C:\Users\user\AppData\Local\Programs\Python\Python36\Scripts\;C:\Program Files\Intel\WiFi\bin\;C:\Program Files\Common Files\Intel\WirelessCommon\;C:\Users\user\AppData\Local\Microsoft\WindowsApps;C:\Program Files\Microsoft VS Code\bin;C:\Users\user\AppData\Local\GitHubDesktop\bin;C:\Users\user\AppData\Roaming\npm;C:\Users\user\node_modules\yarn;;C:\Program Files (x86)\ESTsoft\ALSee\x64
USERNAME=user
OS=Windows_NT
PROCESSOR_IDENTIFIER=Intel64 Family 6 Model 61 Stepping 4, GenuineIntel



---------------  S Y S T E M  ---------------

OS: Windows 10.0 , 64 bit Build 17134 (10.0.17134.753)

CPU:total 4 (initial active 4) (2 cores per cpu, 2 threads per core) family 6 model 61 stepping 4, cmov, cx8, fxsr, mmx, sse, sse2, sse3, ssse3, sse4.1, sse4.2, popcnt, avx, avx2, aes, clmul, erms, 3dnowpref, lzcnt, ht, tsc, tscinvbit, bmi1, bmi2, adx

Memory: 4k page, physical 4097964k(296016k free), swap 16680876k(4840k free)

vm_info: Java HotSpot(TM) 64-Bit Server VM (25.211-b12) for windows-amd64 JRE (1.8.0_211-b12), built on Apr  1 2019 20:53:26 by "java_re" with MS VC++ 10.0 (VS2010)

time: Fri Nov 29 02:03:28 2019
timezone: 대한민국 표준시
elapsed time: 21 seconds (0d 0h 0m 21s)

